1, SET (SID1403,CSE006, A, 2025-04-18T22:57:06.953349)
2, SET (SID1156,CSE001, B, 2025-04-18T22:57:06.956863)
3, SET (SID1081,CSE016, C, 2025-04-18T22:57:06.959406)
4, GET (SID1403,CSE006, None, 2025-04-18T22:57:06.964407)
5, GET (SID1156,CSE001, None, 2025-04-18T22:57:06.966878)
6, SET (SID1033,CSE016, A, 2025-04-18T22:57:05.822412)
7, SET (SID1310,CSE020, B, 2025-04-18T22:57:06.349159)
8, SET (SID1352,CSE016, B, 2025-04-18T22:57:07.125773)
9, SET (SID1994,CSE018, B, 2025-04-18T22:57:07.675481)
1, SET (SID1697,CSE016, E, 2025-04-18T23:10:09.961094)
2, SET (SID1880,CSE001, A, 2025-04-18T23:10:09.963503)
3, SET (SID1298,CSE019, B, 2025-04-18T23:10:09.965203)
4, GET (SID1697,CSE016, None, 2025-04-18T23:10:09.968164)
5, GET (SID1880,CSE001, None, 2025-04-18T23:10:09.969616)
6, SET (SID1868,CSE013, C, 2025-04-18T23:10:08.937145)
7, SET (SID1102,CSE013, D, 2025-04-18T23:10:09.317597)
8, SET (SID1965,CSE004, D, 2025-04-18T23:10:10.298447)
9, SET (SID1092,CSE007, B, 2025-04-18T23:10:10.985420)
10, SET (SID1403,CSE006, A, 2025-04-18T22:57:09.498506)
11, SET (SID1156,CSE001, B, 2025-04-18T22:57:10.113489)
12, SET (SID1081,CSE016, C, 2025-04-18T22:57:10.602460)
1, SET (SID1987,CSE013, E, 2025-04-18T23:11:13.425045)
2, SET (SID1113,CSE006, A, 2025-04-18T23:11:13.427233)
3, SET (SID1727,CSE008, B, 2025-04-18T23:11:13.428861)
4, GET (SID1987,CSE013, None, 2025-04-18T23:11:13.431695)
5, GET (SID1113,CSE006, None, 2025-04-18T23:11:13.433093)
6, SET (SID1071,CSE011, C, 2025-04-18T23:11:12.331093)
7, SET (SID1998,CSE011, E, 2025-04-18T23:11:12.728527)
8, SET (SID1281,CSE013, A, 2025-04-18T23:11:13.907221)
9, SET (SID1226,CSE001, B, 2025-04-18T23:11:14.869662)
10, SET (SID1697,CSE016, E, 2025-04-18T23:11:15.797044)
11, SET (SID1880,CSE001, A, 2025-04-18T23:11:16.694727)
12, SET (SID1298,CSE019, B, 2025-04-18T23:11:17.656748)
