1, INSERT (8bcb6b96,Thesis,2021 Term 1, 20, 2025-04-16T18:20:12.008809)
2, INSERT (c1241b5e,Regular,2021 Term 1, 4, 2025-04-16T18:20:12.804303)
3, READ (8bcb6b96,Thesis,2021 Term 1, None, 2025-04-16T18:20:13.797878)
4, READ (c1241b5e,Regular,2021 Term 1, None, 2025-04-16T18:20:14.411083)
5, UPDATE (c1241b5e,Regular,2021 Term 1, 17, 2025-04-16T18:20:14.411195)
6, DELETE (8bcb6b96,Thesis,2021 Term 1, None, 2025-04-16T18:20:15.258163)
7, INSERT (8cd6b96,Thesis,2021 Term 1, 8, 2025-04-16T18:20:16.316657)
8, INSERT (8cd6b96,Thesis,2021 Term 1, 8, 2025-04-16T18:20:17.590823)
9, UPDATE (8cd6b96,Thesis,2021 Term 1, 10, 2025-04-16T18:20:18.453961)
10, UPDATE (8cd6b96,Thesis,2021 Term 1, 10, 2025-04-16T18:20:19.001086)
11, INSERT (8bcb6b96,Thesis,2021 Term 1, 20, 2025-04-16T18:20:19.951112)
12, INSERT (8bcb6b96,Thesis,2021 Term 1, 20, 2025-04-16T18:20:20.851067)
13, UPDATE (c1241b5e,Regular,2021 Term 1, 4, 2025-04-16T18:20:22.078360)
14, INSERT (c1241b5e,Regular,2021 Term 1, 4, 2025-04-16T18:20:22.257714)
15, UPDATE (c1241b5e,Regular,2021 Term 1, 17, 2025-04-16T18:20:23.531268)
16, UPDATE (c1241b5e,Regular,2021 Term 1, 17, 2025-04-16T18:20:23.960041)
17, DELETE (8bcb6b96,Thesis,2021 Term 1, None, 2025-04-16T18:20:24.350965)
18, INSERT (379fbe4ec,Thesis,2021 Term 1, 16, 2025-04-16T18:20:25.638262)
19, INSERT (379fbe4ec,Thesis,2021 Term 1, 16, 2025-04-16T18:20:27.826717)
20, UPDATE (379fbe4ec,Thesis,2021 Term 1, 18, 2025-04-16T18:20:29.700785)
21, UPDATE (379fbe4ec,Thesis,2021 Term 1, 18, 2025-04-16T18:20:30.174120)
22, UPDATE (379fbe4ec,Thesis,2021 Term 1, 16, 2025-04-16T18:20:31.989091)
23, INSERT (379fbe4ec,Thesis,2021 Term 1, 16, 2025-04-16T18:20:33.087060)
24, UPDATE (379fbe4ec,Thesis,2021 Term 1, 18, 2025-04-16T18:20:34.939407)
25, UPDATE (379fbe4ec,Thesis,2021 Term 1, 18, 2025-04-16T18:20:35.683431)
